<?xml version="1.0" encoding="UTF-8"?>
<!-- Generated by org.testng.reporters.JUnitReportReporter -->
<testsuite skipped="0" hostname="NDI-LAP-567" name="demosite.qa.Testcases.UserPageTest" tests="2" failures="0" timestamp="18 Apr 2020 18:07:46 GMT" time="1.719" errors="0">
  <testcase name="clickaddusr" time="0.575" classname="demosite.qa.Testcases.UserPageTest"/>
  <testcase name="validData" time="1.144" classname="demosite.qa.Testcases.UserPageTest"/>
</testsuite> <!-- demosite.qa.Testcases.UserPageTest -->
