<?xml version="1.0" encoding="UTF-8"?>
<!-- Generated by org.testng.reporters.JUnitReportReporter -->
<testsuite skipped="0" hostname="NDI-LAP-567" name="gmail_pom.qa.Testcases.FirstPageTest" tests="2" failures="0" timestamp="08 Apr 2020 15:00:18 GMT" time="0.252" errors="0">
  <testcase name="firstPageTitleTest" time="0.027" classname="gmail_pom.qa.Testcases.FirstPageTest"/>
  <testcase name="firstpageUsernameTest" time="0.225" classname="gmail_pom.qa.Testcases.FirstPageTest"/>
</testsuite> <!-- gmail_pom.qa.Testcases.FirstPageTest -->
